<?xml version="1.0" encoding="UTF-8"?>
<!-- Generated by org.testng.reporters.JUnitReportReporter -->
<testsuite hostname="LAPTOP-U5NJN6TM" failures="0" tests="1" name="testCases.TC001_MycarHomeTest" time="26.168" errors="0" timestamp="2024-12-17T13:41:25 IST" skipped="0">
  <testcase classname="testCases.TC001_MycarHomeTest" name="login" time="26.168"/>
</testsuite> <!-- testCases.TC001_MycarHomeTest -->
